Arguments: 
  /home/oem/.nvm/versions/node/v18.16.0/bin/node /home/oem/.nvm/versions/node/v18.16.0/bin/yarn add colors

PATH: 
  /home/oem/.nvm/versions/node/v18.16.0/bin:/usr/local/sbin:/usr/local/bin:/usr/sbin:/usr/bin:/sbin:/bin:/usr/games:/usr/local/games:/snap/bin:/snap/bin

Yarn version: 
  1.22.19

Node version: 
  18.16.0

Platform: 
  linux x64

Trace: 
  Error: connect ENETUNREACH 104.16.29.34:443 - Local (0.0.0.0:0)
      at internalConnect (node:net:1066:16)
      at defaultTriggerAsyncIdScope (node:internal/async_hooks:464:18)
      at emitLookup (node:net:1323:9)
      at /home/oem/.nvm/versions/node/v18.16.0/lib/node_modules/yarn/lib/cli.js:103587:28
      at /home/oem/.nvm/versions/node/v18.16.0/lib/node_modules/yarn/lib/cli.js:103496:13
      at module.exports.RawTask.call (/home/oem/.nvm/versions/node/v18.16.0/lib/node_modules/yarn/lib/cli.js:79584:19)
      at flush (/home/oem/.nvm/versions/node/v18.16.0/lib/node_modules/yarn/lib/cli.js:79666:29)
      at process.processTicksAndRejections (node:internal/process/task_queues:77:11)

npm manifest: 
  {
      "name": "findrr",
      "version": "1.0.0",
      "description": "",
      "main": "index.ts",
      "scripts": {
          "start": "node dist/index.js",
          "build": "tsc -p .",
          "dev": "nodemon src/index.ts",
          "prod": "tsc -p . & node dist/index.ts"
      },
      "keywords": [],
      "author": "",
      "license": "ISC",
      "dependencies": {
          "chalk": "^5.3.0",
          "dotenv": "^16.3.1",
          "express": "^4.18.2",
          "joi": "^17.10.1",
          "mongoose": "^7.5.0"
      },
      "devDependencies": {
          "@types/express": "^4.17.17",
          "@types/mongoose": "^5.11.97",
          "@types/node": "^20.6.0",
          "nodemon": "^3.0.1",
          "ts-node": "^10.9.1",
          "typescript": "^5.2.2"
      }
  }

yarn manifest: 
  No manifest

Lockfile: 
  No lockfile
